<?xml version="1.0" encoding="UTF-8"?>
<!-- Generated by org.testng.reporters.JUnitReportReporter -->
<testsuite hostname="Pradeep-Chakrawarti" failures="0" tests="1" name="Project_Part2.TEST_CASES" time="36.826" errors="0" timestamp="29 Jan 2024 11:00:01 GMT">
  <testcase classname="Project_Part2.TEST_CASES" name="ShowProductDetails" time="36.826"/>
</testsuite> <!-- Project_Part2.TEST_CASES -->
