<?xml version="1.0" encoding="UTF-8"?>
<!-- Generated by org.testng.reporters.JUnitReportReporter -->
<testsuite hostname="Pradeep-Chakrawarti" failures="0" tests="10" name="project1.Extract_ExcelSheet" time="100.571" errors="0" timestamp="29 Jan 2024 10:58:12 GMT">
  <testcase classname="project1.Extract_ExcelSheet" name="test" time="9.292"/>
  <testcase classname="project1.Extract_ExcelSheet" name="test" time="10.046"/>
  <testcase classname="project1.Extract_ExcelSheet" name="test" time="10.385"/>
  <testcase classname="project1.Extract_ExcelSheet" name="test" time="8.471"/>
  <testcase classname="project1.Extract_ExcelSheet" name="test" time="9.956"/>
  <testcase classname="project1.Extract_ExcelSheet" name="test" time="9.788"/>
  <testcase classname="project1.Extract_ExcelSheet" name="test" time="8.769"/>
  <testcase classname="project1.Extract_ExcelSheet" name="test" time="9.718"/>
  <testcase classname="project1.Extract_ExcelSheet" name="test" time="8.987"/>
  <testcase classname="project1.Extract_ExcelSheet" name="test" time="15.159"/>
</testsuite> <!-- project1.Extract_ExcelSheet -->
