<?xml version="1.0" encoding="UTF-8"?>
<!-- Generated by org.testng.reporters.JUnitReportReporter -->
<testsuite hostname="Pradeep-Chakrawarti" failures="0" tests="10" name="project1.Extract_ExcelSheet" time="235.371" errors="0" timestamp="26 Jan 2024 19:34:10 GMT">
  <testcase classname="project1.Extract_ExcelSheet" name="test" time="23.682"/>
  <testcase classname="project1.Extract_ExcelSheet" name="test" time="21.186"/>
  <testcase classname="project1.Extract_ExcelSheet" name="test" time="21.495"/>
  <testcase classname="project1.Extract_ExcelSheet" name="test" time="25.420"/>
  <testcase classname="project1.Extract_ExcelSheet" name="test" time="24.514"/>
  <testcase classname="project1.Extract_ExcelSheet" name="test" time="24.486"/>
  <testcase classname="project1.Extract_ExcelSheet" name="test" time="23.799"/>
  <testcase classname="project1.Extract_ExcelSheet" name="test" time="23.826"/>
  <testcase classname="project1.Extract_ExcelSheet" name="test" time="23.620"/>
  <testcase classname="project1.Extract_ExcelSheet" name="test" time="23.343"/>
</testsuite> <!-- project1.Extract_ExcelSheet -->
